Build started 16/01/2013 22:51:24.
     1>Project "I:\Graphics Programming\Upload\LAN11205335_CGP2004M_Assignment 1\Assignment 1\Assignment 1\Assignment 1.vcxproj" on node 2 (build target(s)).
     1>InitializeBuildStatus:
         Creating "Debug\Assignment 1.unsuccessfulbuild" because "AlwaysCreate" was specified.
       ClCompile:
         c:\Program Files (x86)\Microsoft Visual Studio 10.0\VC\bin\CL.exe /c /ZI /nologo /W3 /WX- /Od /Oy- /D WIN32 /D _DEBUG /D _CONSOLE /D _UNICODE /D UNICODE /Gm /EHsc /RTC1 /MDd /GS /fp:precise /Zc:wchar_t /Zc:forScope /Fo"Debug\\" /Fd"Debug\vc100.pdb" /Gd /TP /analyze- /errorReport:prompt Main.cpp
         Main.cpp
     1>i:\graphics programming\upload\lan11205335_cgp2004m_assignment 1\assignment 1\assignment 1\main.cpp(1660): warning C4018: '<' : signed/unsigned mismatch
       ManifestResourceCompile:
         All outputs are up-to-date.
       Link:
         c:\Program Files (x86)\Microsoft Visual Studio 10.0\VC\bin\link.exe /ERRORREPORT:PROMPT /OUT:"I:\Graphics Programming\Upload\LAN11205335_CGP2004M_Assignment 1\Assignment 1\Debug\Assignment 1.exe" /INCREMENTAL /NOLOGO kernel32.lib user32.lib gdi32.lib winspool.lib comdlg32.lib advapi32.lib shell32.lib ole32.lib oleaut32.lib uuid.lib odbc32.lib odbccp32.lib /MANIFEST /ManifestFile:"Debug\Assignment 1.exe.intermediate.manifest" /MANIFESTUAC:"level='asInvoker' uiAccess='false'" /DEBUG /PDB:"I:\Graphics Programming\Upload\LAN11205335_CGP2004M_Assignment 1\Assignment 1\Debug\Assignment 1.pdb" /SUBSYSTEM:CONSOLE /TLBID:1 /DYNAMICBASE /NXCOMPAT /IMPLIB:"I:\Graphics Programming\Upload\LAN11205335_CGP2004M_Assignment 1\Assignment 1\Debug\Assignment 1.lib" /MACHINE:X86 "Debug\Assignment 1.exe.embed.manifest.res"
         Debug\imageloader.obj
         Debug\Main.obj
       Manifest:
         C:\Program Files (x86)\Microsoft SDKs\Windows\v7.0A\bin\mt.exe /nologo /verbose /out:"Debug\Assignment 1.exe.embed.manifest" /manifest "Debug\Assignment 1.exe.intermediate.manifest"
         All outputs are up-to-date.
       LinkEmbedManifest:
         All outputs are up-to-date.
         Assignment 1.vcxproj -> I:\Graphics Programming\Upload\LAN11205335_CGP2004M_Assignment 1\Assignment 1\Debug\Assignment 1.exe
       FinalizeBuildStatus:
         Deleting file "Debug\Assignment 1.unsuccessfulbuild".
         Touching "Debug\Assignment 1.lastbuildstate".
     1>Done Building Project "I:\Graphics Programming\Upload\LAN11205335_CGP2004M_Assignment 1\Assignment 1\Assignment 1\Assignment 1.vcxproj" (build target(s)).

Build succeeded.

Time Elapsed 00:00:07.57
