E:\GRAPHICS PROGRAMMING\UPLOAD\LAN11205335_CGP2004M_ASSIGNMENT 1\ASSIGNMENT 1\ASSIGNMENT 1\DEBUG\ASSIGNMENT 1.EXE.EMBED.MANIFEST
E:\GRAPHICS PROGRAMMING\UPLOAD\LAN11205335_CGP2004M_ASSIGNMENT 1\ASSIGNMENT 1\ASSIGNMENT 1\DEBUG\ASSIGNMENT 1.EXE.EMBED.MANIFEST.RES
E:\GRAPHICS PROGRAMMING\UPLOAD\LAN11205335_CGP2004M_ASSIGNMENT 1\ASSIGNMENT 1\ASSIGNMENT 1\DEBUG\ASSIGNMENT 1.EXE.INTERMEDIATE.MANIFEST
E:\Graphics Programming\Upload\LAN11205335_CGP2004M_Assignment 1\Assignment 1\Assignment 1\Debug\Assignment 1.write.1.tlog
E:\Graphics Programming\Upload\LAN11205335_CGP2004M_Assignment 1\Assignment 1\Assignment 1\Debug\Assignment 1_manifest.rc
E:\Graphics Programming\Upload\LAN11205335_CGP2004M_Assignment 1\Assignment 1\Assignment 1\Debug\cl.command.1.tlog
E:\Graphics Programming\Upload\LAN11205335_CGP2004M_Assignment 1\Assignment 1\Assignment 1\Debug\CL.read.1.tlog
E:\Graphics Programming\Upload\LAN11205335_CGP2004M_Assignment 1\Assignment 1\Assignment 1\Debug\CL.write.1.tlog
E:\GRAPHICS PROGRAMMING\UPLOAD\LAN11205335_CGP2004M_ASSIGNMENT 1\ASSIGNMENT 1\ASSIGNMENT 1\DEBUG\IMAGELOADER.OBJ
E:\Graphics Programming\Upload\LAN11205335_CGP2004M_Assignment 1\Assignment 1\Assignment 1\Debug\link.3720.read.1.tlog
E:\Graphics Programming\Upload\LAN11205335_CGP2004M_Assignment 1\Assignment 1\Assignment 1\Debug\link.3720.write.1.tlog
E:\Graphics Programming\Upload\LAN11205335_CGP2004M_Assignment 1\Assignment 1\Assignment 1\Debug\link.3720-cvtres.read.1.tlog
E:\Graphics Programming\Upload\LAN11205335_CGP2004M_Assignment 1\Assignment 1\Assignment 1\Debug\link.3720-cvtres.write.1.tlog
E:\Graphics Programming\Upload\LAN11205335_CGP2004M_Assignment 1\Assignment 1\Assignment 1\Debug\link.command.1.tlog
E:\Graphics Programming\Upload\LAN11205335_CGP2004M_Assignment 1\Assignment 1\Assignment 1\Debug\link.read.1.tlog
E:\Graphics Programming\Upload\LAN11205335_CGP2004M_Assignment 1\Assignment 1\Assignment 1\Debug\link.write.1.tlog
E:\Graphics Programming\Upload\LAN11205335_CGP2004M_Assignment 1\Assignment 1\Assignment 1\Debug\link-cvtres.read.1.tlog
E:\Graphics Programming\Upload\LAN11205335_CGP2004M_Assignment 1\Assignment 1\Assignment 1\Debug\link-cvtres.write.1.tlog
E:\GRAPHICS PROGRAMMING\UPLOAD\LAN11205335_CGP2004M_ASSIGNMENT 1\ASSIGNMENT 1\ASSIGNMENT 1\DEBUG\MAIN.OBJ
E:\Graphics Programming\Upload\LAN11205335_CGP2004M_Assignment 1\Assignment 1\Assignment 1\Debug\mt.command.1.tlog
E:\Graphics Programming\Upload\LAN11205335_CGP2004M_Assignment 1\Assignment 1\Assignment 1\Debug\mt.read.1.tlog
E:\Graphics Programming\Upload\LAN11205335_CGP2004M_Assignment 1\Assignment 1\Assignment 1\Debug\mt.write.1.tlog
E:\Graphics Programming\Upload\LAN11205335_CGP2004M_Assignment 1\Assignment 1\Assignment 1\Debug\rc.command.1.tlog
E:\Graphics Programming\Upload\LAN11205335_CGP2004M_Assignment 1\Assignment 1\Assignment 1\Debug\rc.read.1.tlog
E:\Graphics Programming\Upload\LAN11205335_CGP2004M_Assignment 1\Assignment 1\Assignment 1\Debug\rc.write.1.tlog
E:\Graphics Programming\Upload\LAN11205335_CGP2004M_Assignment 1\Assignment 1\Assignment 1\Debug\vc100.idb
E:\GRAPHICS PROGRAMMING\UPLOAD\LAN11205335_CGP2004M_ASSIGNMENT 1\ASSIGNMENT 1\ASSIGNMENT 1\DEBUG\VC100.PDB
E:\GRAPHICS PROGRAMMING\UPLOAD\LAN11205335_CGP2004M_ASSIGNMENT 1\ASSIGNMENT 1\DEBUG\ASSIGNMENT 1.EXE
E:\GRAPHICS PROGRAMMING\UPLOAD\LAN11205335_CGP2004M_ASSIGNMENT 1\ASSIGNMENT 1\DEBUG\ASSIGNMENT 1.ILK
E:\GRAPHICS PROGRAMMING\UPLOAD\LAN11205335_CGP2004M_ASSIGNMENT 1\ASSIGNMENT 1\DEBUG\ASSIGNMENT 1.PDB
