Build started 13/07/2014 17:59:30.
     1>Project "C:\Users\Richard.Richard-PC\Documents\Jobs and Internships\Portfolio\Programming\LAN11205335_CGP3001M_Item 1_Pinball Game\Workshop 2.vcxproj" on node 2 (build target(s)).
     1>InitializeBuildStatus:
         Creating "Debug\Workshop 2.unsuccessfulbuild" because "AlwaysCreate" was specified.
       ClCompile:
         C:\Program Files (x86)\Microsoft Visual Studio 10.0\VC\bin\CL.exe /c /I"C:\Program Files (x86)\NVIDIA Corporation\NVIDIA PhysX SDK\3.3.0\\Include" /I.\Graphics\include\win32\ /ZI /nologo /W3 /WX- /Od /Oy- /D _MBCS /Gm /EHsc /RTC1 /MDd /GS /fp:precise /Zc:wchar_t /Zc:forScope /Fo"Debug\\" /Fd"Debug\vc100.pdb" /Gd /TP /analyze- /errorReport:prompt PhysicsEngine.cpp "Workshop 2.cpp" Extras\Camera.cpp Extras\GLFontRenderer.cpp Extras\Renderer.cpp
         Renderer.cpp
         GLFontRenderer.cpp
         Camera.cpp
         Workshop 2.cpp
     1>c:\users\richard.richard-pc\documents\jobs and internships\portfolio\programming\lan11205335_cgp3001m_item 1_pinball game\pinballmachine.h(25): warning C4305: 'argument' : truncation from 'double' to 'physx::PxReal'
     1>c:\users\richard.richard-pc\documents\jobs and internships\portfolio\programming\lan11205335_cgp3001m_item 1_pinball game\pinballmachine.h(25): warning C4305: 'argument' : truncation from 'double' to 'physx::PxReal'
     1>c:\users\richard.richard-pc\documents\jobs and internships\portfolio\programming\lan11205335_cgp3001m_item 1_pinball game\pinballmachine.h(26): warning C4305: 'argument' : truncation from 'double' to 'physx::PxReal'
     1>c:\users\richard.richard-pc\documents\jobs and internships\portfolio\programming\lan11205335_cgp3001m_item 1_pinball game\pinballmachine.h(26): warning C4305: 'argument' : truncation from 'double' to 'physx::PxReal'
     1>c:\users\richard.richard-pc\documents\jobs and internships\portfolio\programming\lan11205335_cgp3001m_item 1_pinball game\pinballmachine.h(32): warning C4305: 'argument' : truncation from 'double' to 'physx::PxReal'
     1>c:\users\richard.richard-pc\documents\jobs and internships\portfolio\programming\lan11205335_cgp3001m_item 1_pinball game\pinballmachine.h(102): warning C4305: 'argument' : truncation from 'double' to 'physx::PxReal'
     1>c:\users\richard.richard-pc\documents\jobs and internships\portfolio\programming\lan11205335_cgp3001m_item 1_pinball game\pinballmachine.h(102): warning C4305: 'argument' : truncation from 'double' to 'physx::PxReal'
     1>c:\users\richard.richard-pc\documents\jobs and internships\portfolio\programming\lan11205335_cgp3001m_item 1_pinball game\pinballmachine.h(102): warning C4305: 'argument' : truncation from 'double' to 'physx::PxReal'
     1>c:\users\richard.richard-pc\documents\jobs and internships\portfolio\programming\lan11205335_cgp3001m_item 1_pinball game\pinballmachine.h(106): warning C4305: 'argument' : truncation from 'double' to 'physx::PxReal'
     1>c:\users\richard.richard-pc\documents\jobs and internships\portfolio\programming\lan11205335_cgp3001m_item 1_pinball game\pinballmachine.h(108): warning C4305: 'argument' : truncation from 'double' to 'physx::PxReal'
     1>c:\users\richard.richard-pc\documents\jobs and internships\portfolio\programming\lan11205335_cgp3001m_item 1_pinball game\pinballmachine.h(111): warning C4305: 'argument' : truncation from 'double' to 'physx::PxReal'
     1>c:\users\richard.richard-pc\documents\jobs and internships\portfolio\programming\lan11205335_cgp3001m_item 1_pinball game\pinballmachine.h(111): warning C4305: 'argument' : truncation from 'double' to 'physx::PxReal'
     1>c:\users\richard.richard-pc\documents\jobs and internships\portfolio\programming\lan11205335_cgp3001m_item 1_pinball game\pinballmachine.h(111): warning C4305: 'argument' : truncation from 'double' to 'physx::PxReal'
     1>c:\users\richard.richard-pc\documents\jobs and internships\portfolio\programming\lan11205335_cgp3001m_item 1_pinball game\pinballmachine.h(111): warning C4305: 'argument' : truncation from 'double' to 'physx::PxReal'
     1>c:\users\richard.richard-pc\documents\jobs and internships\portfolio\programming\lan11205335_cgp3001m_item 1_pinball game\pinballmachine.h(116): warning C4305: 'argument' : truncation from 'double' to 'physx::PxReal'
     1>c:\users\richard.richard-pc\documents\jobs and internships\portfolio\programming\lan11205335_cgp3001m_item 1_pinball game\pinballmachine.h(116): warning C4305: 'argument' : truncation from 'double' to 'physx::PxReal'
     1>c:\users\richard.richard-pc\documents\jobs and internships\portfolio\programming\lan11205335_cgp3001m_item 1_pinball game\pinballmachine.h(116): warning C4305: 'argument' : truncation from 'double' to 'physx::PxReal'
     1>c:\users\richard.richard-pc\documents\jobs and internships\portfolio\programming\lan11205335_cgp3001m_item 1_pinball game\pinballmachine.h(119): warning C4305: 'argument' : truncation from 'double' to 'physx::PxReal'
     1>c:\users\richard.richard-pc\documents\jobs and internships\portfolio\programming\lan11205335_cgp3001m_item 1_pinball game\pinballmachine.h(119): warning C4305: 'argument' : truncation from 'double' to 'physx::PxReal'
     1>c:\users\richard.richard-pc\documents\jobs and internships\portfolio\programming\lan11205335_cgp3001m_item 1_pinball game\pinballmachine.h(119): warning C4305: 'argument' : truncation from 'double' to 'physx::PxReal'
     1>c:\users\richard.richard-pc\documents\jobs and internships\portfolio\programming\lan11205335_cgp3001m_item 1_pinball game\pinballmachine.h(119): warning C4305: 'argument' : truncation from 'double' to 'physx::PxReal'
     1>c:\users\richard.richard-pc\documents\jobs and internships\portfolio\programming\lan11205335_cgp3001m_item 1_pinball game\pinballmachine.h(122): warning C4305: 'argument' : truncation from 'double' to 'physx::PxReal'
     1>c:\users\richard.richard-pc\documents\jobs and internships\portfolio\programming\lan11205335_cgp3001m_item 1_pinball game\pinballmachine.h(122): warning C4305: 'argument' : truncation from 'double' to 'physx::PxReal'
     1>c:\users\richard.richard-pc\documents\jobs and internships\portfolio\programming\lan11205335_cgp3001m_item 1_pinball game\pinballmachine.h(122): warning C4305: 'argument' : truncation from 'double' to 'physx::PxReal'
     1>c:\users\richard.richard-pc\documents\jobs and internships\portfolio\programming\lan11205335_cgp3001m_item 1_pinball game\pinballmachine.h(177): warning C4305: 'argument' : truncation from 'double' to 'physx::PxReal'
     1>c:\users\richard.richard-pc\documents\jobs and internships\portfolio\programming\lan11205335_cgp3001m_item 1_pinball game\myphysicsengine.h(241): warning C4305: 'argument' : truncation from 'double' to 'physx::PxReal'
     1>c:\users\richard.richard-pc\documents\jobs and internships\portfolio\programming\lan11205335_cgp3001m_item 1_pinball game\myphysicsengine.h(252): warning C4305: 'argument' : truncation from 'double' to 'physx::PxReal'
     1>c:\users\richard.richard-pc\documents\jobs and internships\portfolio\programming\lan11205335_cgp3001m_item 1_pinball game\myphysicsengine.h(254): warning C4305: 'argument' : truncation from 'double' to 'physx::PxReal'
     1>c:\users\richard.richard-pc\documents\jobs and internships\portfolio\programming\lan11205335_cgp3001m_item 1_pinball game\myphysicsengine.h(257): warning C4305: 'argument' : truncation from 'double' to 'physx::PxReal'
     1>c:\users\richard.richard-pc\documents\jobs and internships\portfolio\programming\lan11205335_cgp3001m_item 1_pinball game\myphysicsengine.h(262): warning C4305: 'argument' : truncation from 'double' to 'physx::PxReal'
     1>c:\users\richard.richard-pc\documents\jobs and internships\portfolio\programming\lan11205335_cgp3001m_item 1_pinball game\myphysicsengine.h(264): warning C4305: 'argument' : truncation from 'double' to 'physx::PxReal'
     1>c:\users\richard.richard-pc\documents\jobs and internships\portfolio\programming\lan11205335_cgp3001m_item 1_pinball game\myphysicsengine.h(267): warning C4305: 'argument' : truncation from 'double' to 'physx::PxReal'
     1>c:\users\richard.richard-pc\documents\jobs and internships\portfolio\programming\lan11205335_cgp3001m_item 1_pinball game\myphysicsengine.h(303): warning C4305: 'argument' : truncation from 'double' to 'physx::PxReal'
     1>c:\users\richard.richard-pc\documents\jobs and internships\portfolio\programming\lan11205335_cgp3001m_item 1_pinball game\myphysicsengine.h(311): warning C4305: 'argument' : truncation from 'double' to 'physx::PxReal'
     1>c:\users\richard.richard-pc\documents\jobs and internships\portfolio\programming\lan11205335_cgp3001m_item 1_pinball game\myphysicsengine.h(345): warning C4305: 'argument' : truncation from 'double' to 'physx::PxReal'
     1>c:\users\richard.richard-pc\documents\jobs and internships\portfolio\programming\lan11205335_cgp3001m_item 1_pinball game\myphysicsengine.h(345): warning C4305: 'argument' : truncation from 'double' to 'physx::PxReal'
     1>c:\users\richard.richard-pc\documents\jobs and internships\portfolio\programming\lan11205335_cgp3001m_item 1_pinball game\myphysicsengine.h(466): warning C4390: ';' : empty controlled statement found; is this the intent?
     1>c:\users\richard.richard-pc\documents\jobs and internships\portfolio\programming\lan11205335_cgp3001m_item 1_pinball game\myphysicsengine.h(494): warning C4244: '+=' : conversion from 'float' to 'int', possible loss of data
         PhysicsEngine.cpp
         Generating Code...
       Link:
         C:\Program Files (x86)\Microsoft Visual Studio 10.0\VC\bin\link.exe /ERRORREPORT:PROMPT /OUT:"C:\Users\Richard.Richard-PC\Documents\Jobs and Internships\Portfolio\Programming\LAN11205335_CGP3001M_Item 1_Pinball Game\Debug\Workshop 2.exe" /NOLOGO /LIBPATH:"C:\Program Files (x86)\NVIDIA Corporation\NVIDIA PhysX SDK\3.3.0\\Lib\win32" /LIBPATH:.\Graphics\lib\win32\glut PhysX3DEBUG_x86.lib PhysX3CommonDEBUG_x86.lib PhysX3ExtensionsDEBUG.lib PhysXVisualDebuggerSDKDEBUG.lib PhysX3CookingDEBUG_x86.lib kernel32.lib user32.lib gdi32.lib winspool.lib comdlg32.lib advapi32.lib shell32.lib ole32.lib oleaut32.lib uuid.lib odbc32.lib odbccp32.lib /NODEFAULTLIB:LIBCMTD /MANIFEST /ManifestFile:"Debug\Workshop 2.exe.intermediate.manifest" /MANIFESTUAC:"level='asInvoker' uiAccess='false'" /DEBUG /PDB:"C:\Users\Richard.Richard-PC\Documents\Jobs and Internships\Portfolio\Programming\LAN11205335_CGP3001M_Item 1_Pinball Game\Debug\Workshop 2.pdb" /TLBID:1 /DYNAMICBASE /NXCOMPAT /IMPLIB:"C:\Users\Richard.Richard-PC\Documents\Jobs and Internships\Portfolio\Programming\LAN11205335_CGP3001M_Item 1_Pinball Game\Debug\Workshop 2.lib" /MACHINE:X86 Debug\PhysicsEngine.obj
         "Debug\Workshop 2.obj"
         Debug\Camera.obj
         Debug\GLFontRenderer.obj
         Debug\Renderer.obj
         LINK : C:\Users\Richard.Richard-PC\Documents\Jobs and Internships\Portfolio\Programming\LAN11205335_CGP3001M_Item 1_Pinball Game\Debug\Workshop 2.exe not found or not built by the last incremental link; performing full link
     1>PhysX3ExtensionsDEBUG.lib(ExtCpuWorkerThread.obj) : warning LNK4099: PDB 'physx3extensionsdebug.pdb' was not found with 'PhysX3ExtensionsDEBUG.lib(ExtCpuWorkerThread.obj)' or at 'C:\Users\Richard.Richard-PC\Documents\Jobs and Internships\Portfolio\Programming\LAN11205335_CGP3001M_Item 1_Pinball Game\Debug\physx3extensionsdebug.pdb'; linking object as if no debug info
     1>PhysX3ExtensionsDEBUG.lib(ExtDefaultCpuDispatcher.obj) : warning LNK4099: PDB 'physx3extensionsdebug.pdb' was not found with 'PhysX3ExtensionsDEBUG.lib(ExtDefaultCpuDispatcher.obj)' or at 'C:\Users\Richard.Richard-PC\Documents\Jobs and Internships\Portfolio\Programming\LAN11205335_CGP3001M_Item 1_Pinball Game\Debug\physx3extensionsdebug.pdb'; linking object as if no debug info
     1>PhysX3ExtensionsDEBUG.lib(ExtDefaultErrorCallback.obj) : warning LNK4099: PDB 'physx3extensionsdebug.pdb' was not found with 'PhysX3ExtensionsDEBUG.lib(ExtDefaultErrorCallback.obj)' or at 'C:\Users\Richard.Richard-PC\Documents\Jobs and Internships\Portfolio\Programming\LAN11205335_CGP3001M_Item 1_Pinball Game\Debug\physx3extensionsdebug.pdb'; linking object as if no debug info
     1>PhysX3ExtensionsDEBUG.lib(ExtDefaultSimulationFilterShader.obj) : warning LNK4099: PDB 'physx3extensionsdebug.pdb' was not found with 'PhysX3ExtensionsDEBUG.lib(ExtDefaultSimulationFilterShader.obj)' or at 'C:\Users\Richard.Richard-PC\Documents\Jobs and Internships\Portfolio\Programming\LAN11205335_CGP3001M_Item 1_Pinball Game\Debug\physx3extensionsdebug.pdb'; linking object as if no debug info
     1>PhysX3ExtensionsDEBUG.lib(ExtDefaultStreams.obj) : warning LNK4099: PDB 'physx3extensionsdebug.pdb' was not found with 'PhysX3ExtensionsDEBUG.lib(ExtDefaultStreams.obj)' or at 'C:\Users\Richard.Richard-PC\Documents\Jobs and Internships\Portfolio\Programming\LAN11205335_CGP3001M_Item 1_Pinball Game\Debug\physx3extensionsdebug.pdb'; linking object as if no debug info
     1>PhysX3ExtensionsDEBUG.lib(ExtDistanceJoint.obj) : warning LNK4099: PDB 'physx3extensionsdebug.pdb' was not found with 'PhysX3ExtensionsDEBUG.lib(ExtDistanceJoint.obj)' or at 'C:\Users\Richard.Richard-PC\Documents\Jobs and Internships\Portfolio\Programming\LAN11205335_CGP3001M_Item 1_Pinball Game\Debug\physx3extensionsdebug.pdb'; linking object as if no debug info
     1>PhysX3ExtensionsDEBUG.lib(ExtDistanceJointSolverPrep.obj) : warning LNK4099: PDB 'physx3extensionsdebug.pdb' was not found with 'PhysX3ExtensionsDEBUG.lib(ExtDistanceJointSolverPrep.obj)' or at 'C:\Users\Richard.Richard-PC\Documents\Jobs and Internships\Portfolio\Programming\LAN11205335_CGP3001M_Item 1_Pinball Game\Debug\physx3extensionsdebug.pdb'; linking object as if no debug info
     1>PhysX3ExtensionsDEBUG.lib(ExtJoint.obj) : warning LNK4099: PDB 'physx3extensionsdebug.pdb' was not found with 'PhysX3ExtensionsDEBUG.lib(ExtJoint.obj)' or at 'C:\Users\Richard.Richard-PC\Documents\Jobs and Internships\Portfolio\Programming\LAN11205335_CGP3001M_Item 1_Pinball Game\Debug\physx3extensionsdebug.pdb'; linking object as if no debug info
     1>PhysX3ExtensionsDEBUG.lib(ExtPvdClientImpl.obj) : warning LNK4099: PDB 'physx3extensionsdebug.pdb' was not found with 'PhysX3ExtensionsDEBUG.lib(ExtPvdClientImpl.obj)' or at 'C:\Users\Richard.Richard-PC\Documents\Jobs and Internships\Portfolio\Programming\LAN11205335_CGP3001M_Item 1_Pinball Game\Debug\physx3extensionsdebug.pdb'; linking object as if no debug info
     1>PhysX3ExtensionsDEBUG.lib(ExtRigidBodyExt.obj) : warning LNK4099: PDB 'physx3extensionsdebug.pdb' was not found with 'PhysX3ExtensionsDEBUG.lib(ExtRigidBodyExt.obj)' or at 'C:\Users\Richard.Richard-PC\Documents\Jobs and Internships\Portfolio\Programming\LAN11205335_CGP3001M_Item 1_Pinball Game\Debug\physx3extensionsdebug.pdb'; linking object as if no debug info
     1>PhysX3ExtensionsDEBUG.lib(ExtSimpleFactory.obj) : warning LNK4099: PDB 'physx3extensionsdebug.pdb' was not found with 'PhysX3ExtensionsDEBUG.lib(ExtSimpleFactory.obj)' or at 'C:\Users\Richard.Richard-PC\Documents\Jobs and Internships\Portfolio\Programming\LAN11205335_CGP3001M_Item 1_Pinball Game\Debug\physx3extensionsdebug.pdb'; linking object as if no debug info
     1>PhysX3ExtensionsDEBUG.lib(ExtSphericalJoint.obj) : warning LNK4099: PDB 'physx3extensionsdebug.pdb' was not found with 'PhysX3ExtensionsDEBUG.lib(ExtSphericalJoint.obj)' or at 'C:\Users\Richard.Richard-PC\Documents\Jobs and Internships\Portfolio\Programming\LAN11205335_CGP3001M_Item 1_Pinball Game\Debug\physx3extensionsdebug.pdb'; linking object as if no debug info
     1>PhysX3ExtensionsDEBUG.lib(ExtSphericalJointSolverPrep.obj) : warning LNK4099: PDB 'physx3extensionsdebug.pdb' was not found with 'PhysX3ExtensionsDEBUG.lib(ExtSphericalJointSolverPrep.obj)' or at 'C:\Users\Richard.Richard-PC\Documents\Jobs and Internships\Portfolio\Programming\LAN11205335_CGP3001M_Item 1_Pinball Game\Debug\physx3extensionsdebug.pdb'; linking object as if no debug info
     1>PhysX3ExtensionsDEBUG.lib(ExtVisualDebugger.obj) : warning LNK4099: PDB 'physx3extensionsdebug.pdb' was not found with 'PhysX3ExtensionsDEBUG.lib(ExtVisualDebugger.obj)' or at 'C:\Users\Richard.Richard-PC\Documents\Jobs and Internships\Portfolio\Programming\LAN11205335_CGP3001M_Item 1_Pinball Game\Debug\physx3extensionsdebug.pdb'; linking object as if no debug info
     1>PhysX3ExtensionsDEBUG.lib(PxExtensionAutoGeneratedMetaDataObjects.obj) : warning LNK4099: PDB 'physx3extensionsdebug.pdb' was not found with 'PhysX3ExtensionsDEBUG.lib(PxExtensionAutoGeneratedMetaDataObjects.obj)' or at 'C:\Users\Richard.Richard-PC\Documents\Jobs and Internships\Portfolio\Programming\LAN11205335_CGP3001M_Item 1_Pinball Game\Debug\physx3extensionsdebug.pdb'; linking object as if no debug info
     1>PhysXVisualDebuggerSDKDEBUG.lib(PvdNetworkStreams.obj) : warning LNK4099: PDB 'physxvisualdebuggersdkdebug.pdb' was not found with 'PhysXVisualDebuggerSDKDEBUG.lib(PvdNetworkStreams.obj)' or at 'C:\Users\Richard.Richard-PC\Documents\Jobs and Internships\Portfolio\Programming\LAN11205335_CGP3001M_Item 1_Pinball Game\Debug\physxvisualdebuggersdkdebug.pdb'; linking object as if no debug info
         Workshop 2.vcxproj -> C:\Users\Richard.Richard-PC\Documents\Jobs and Internships\Portfolio\Programming\LAN11205335_CGP3001M_Item 1_Pinball Game\Debug\Workshop 2.exe
       Manifest:
         C:\Program Files (x86)\Microsoft SDKs\Windows\v7.0A\bin\mt.exe /nologo /verbose /outputresource:"C:\Users\Richard.Richard-PC\Documents\Jobs and Internships\Portfolio\Programming\LAN11205335_CGP3001M_Item 1_Pinball Game\Debug\Workshop 2.exe;#1" /manifest "Debug\Workshop 2.exe.intermediate.manifest"
       FinalizeBuildStatus:
         Deleting file "Debug\Workshop 2.unsuccessfulbuild".
         Touching "Debug\Workshop 2.lastbuildstate".
     1>Done Building Project "C:\Users\Richard.Richard-PC\Documents\Jobs and Internships\Portfolio\Programming\LAN11205335_CGP3001M_Item 1_Pinball Game\Workshop 2.vcxproj" (build target(s)).

Build succeeded.

Time Elapsed 00:00:08.60
