C:\USERS\RICHARD.RICHARD-PC\DOCUMENTS\GAMES COMPUTING\3. THIRD YEAR\GAME ENGINES\ASSIGNMENT - PINBALL GAME - SPRING PLUNGER\DEBUG\CAMERA.OBJ
C:\Users\Richard.Richard-PC\Documents\Games Computing\3. Third Year\Game Engines\Assignment - Pinball Game - Spring Plunger\Debug\cl.command.1.tlog
C:\Users\Richard.Richard-PC\Documents\Games Computing\3. Third Year\Game Engines\Assignment - Pinball Game - Spring Plunger\Debug\CL.read.1.tlog
C:\Users\Richard.Richard-PC\Documents\Games Computing\3. Third Year\Game Engines\Assignment - Pinball Game - Spring Plunger\Debug\CL.write.1.tlog
C:\USERS\RICHARD.RICHARD-PC\DOCUMENTS\GAMES COMPUTING\3. THIRD YEAR\GAME ENGINES\ASSIGNMENT - PINBALL GAME - SPRING PLUNGER\DEBUG\GLFONTRENDERER.OBJ
C:\Users\Richard.Richard-PC\Documents\Games Computing\3. Third Year\Game Engines\Assignment - Pinball Game - Spring Plunger\Debug\link.command.1.tlog
C:\Users\Richard.Richard-PC\Documents\Games Computing\3. Third Year\Game Engines\Assignment - Pinball Game - Spring Plunger\Debug\link.read.1.tlog
C:\Users\Richard.Richard-PC\Documents\Games Computing\3. Third Year\Game Engines\Assignment - Pinball Game - Spring Plunger\Debug\link.read.2.tlog
C:\Users\Richard.Richard-PC\Documents\Games Computing\3. Third Year\Game Engines\Assignment - Pinball Game - Spring Plunger\Debug\link.write.1.tlog
C:\Users\Richard.Richard-PC\Documents\Games Computing\3. Third Year\Game Engines\Assignment - Pinball Game - Spring Plunger\Debug\mt.command.1.tlog
C:\Users\Richard.Richard-PC\Documents\Games Computing\3. Third Year\Game Engines\Assignment - Pinball Game - Spring Plunger\Debug\mt.read.1.tlog
C:\Users\Richard.Richard-PC\Documents\Games Computing\3. Third Year\Game Engines\Assignment - Pinball Game - Spring Plunger\Debug\mt.write.1.tlog
C:\USERS\RICHARD.RICHARD-PC\DOCUMENTS\GAMES COMPUTING\3. THIRD YEAR\GAME ENGINES\ASSIGNMENT - PINBALL GAME - SPRING PLUNGER\DEBUG\PHYSICSENGINE.OBJ
C:\USERS\RICHARD.RICHARD-PC\DOCUMENTS\GAMES COMPUTING\3. THIRD YEAR\GAME ENGINES\ASSIGNMENT - PINBALL GAME - SPRING PLUNGER\DEBUG\RENDERER.OBJ
C:\Users\Richard.Richard-PC\Documents\Games Computing\3. Third Year\Game Engines\Assignment - Pinball Game - Spring Plunger\Debug\vc100.idb
C:\USERS\RICHARD.RICHARD-PC\DOCUMENTS\GAMES COMPUTING\3. THIRD YEAR\GAME ENGINES\ASSIGNMENT - PINBALL GAME - SPRING PLUNGER\DEBUG\VC100.PDB
C:\USERS\RICHARD.RICHARD-PC\DOCUMENTS\GAMES COMPUTING\3. THIRD YEAR\GAME ENGINES\ASSIGNMENT - PINBALL GAME - SPRING PLUNGER\DEBUG\WORKSHOP 2.EXE
C:\USERS\RICHARD.RICHARD-PC\DOCUMENTS\GAMES COMPUTING\3. THIRD YEAR\GAME ENGINES\ASSIGNMENT - PINBALL GAME - SPRING PLUNGER\DEBUG\WORKSHOP 2.EXE.INTERMEDIATE.MANIFEST
C:\USERS\RICHARD.RICHARD-PC\DOCUMENTS\GAMES COMPUTING\3. THIRD YEAR\GAME ENGINES\ASSIGNMENT - PINBALL GAME - SPRING PLUNGER\DEBUG\WORKSHOP 2.ILK
C:\USERS\RICHARD.RICHARD-PC\DOCUMENTS\GAMES COMPUTING\3. THIRD YEAR\GAME ENGINES\ASSIGNMENT - PINBALL GAME - SPRING PLUNGER\DEBUG\WORKSHOP 2.OBJ
C:\USERS\RICHARD.RICHARD-PC\DOCUMENTS\GAMES COMPUTING\3. THIRD YEAR\GAME ENGINES\ASSIGNMENT - PINBALL GAME - SPRING PLUNGER\DEBUG\WORKSHOP 2.PDB
